

============================== 2023-05-26 03:02:42.963790 | 049fa0cd-9a0f-42a1-8263-b7d24c214f0c ==============================
[0m03:02:42.963790 [info ] [MainThread]: Running with dbt=1.3.1
[0m03:02:42.964775 [debug] [MainThread]: running dbt with arguments {'write_json': True, 'use_colors': True, 'printer_width': 80, 'version_check': True, 'partial_parse': True, 'static_parser': True, 'profiles_dir': 'C:\\Users\\Nuttanich\\.dbt', 'send_anonymous_usage_stats': True, 'event_buffer_size': 100000, 'quiet': False, 'no_print': False, 'project_name': 'jaffle_shop', 'skip_profile_setup': False, 'which': 'init', 'indirect_selection': 'eager'}
[0m03:02:42.964775 [debug] [MainThread]: Tracking: tracking
[0m03:02:42.981724 [debug] [MainThread]: Sending event: {'category': 'dbt', 'action': 'invocation', 'label': 'start', 'context': [<snowplow_tracker.self_describing_json.SelfDescribingJson object at 0x000002862EC65E50>, <snowplow_tracker.self_describing_json.SelfDescribingJson object at 0x000002862EC65100>, <snowplow_tracker.self_describing_json.SelfDescribingJson object at 0x000002862EC65FA0>]}
[0m03:02:42.986695 [debug] [MainThread]: Starter project path: C:\Users\Nuttanich\AppData\Local\Programs\Python\Python39\lib\site-packages\dbt\include\starter_project
[0m03:02:53.550482 [info ] [MainThread]: 
Your new dbt project "jaffle_shop" was created!

For more information on how to configure the profiles.yml file,
please consult the dbt documentation here:

  https://docs.getdbt.com/docs/configure-your-profile

One more thing:

Need help? Don't hesitate to reach out to us via GitHub issues or on Slack:

  https://community.getdbt.com/

Happy modeling!

[0m03:02:53.551407 [debug] [MainThread]: Sending event: {'category': 'dbt', 'action': 'invocation', 'label': 'end', 'context': [<snowplow_tracker.self_describing_json.SelfDescribingJson object at 0x000002862EC65100>, <snowplow_tracker.self_describing_json.SelfDescribingJson object at 0x000002862EC65E50>, <snowplow_tracker.self_describing_json.SelfDescribingJson object at 0x000002862EC65FA0>]}
[0m03:02:53.551407 [debug] [MainThread]: Flushing usage events


============================== 2023-05-26 05:53:46.732058 | bbd6f42e-3372-4d68-8a6a-77df5166150d ==============================
[0m05:53:46.732058 [info ] [MainThread]: Running with dbt=1.3.1
[0m05:53:46.733066 [debug] [MainThread]: running dbt with arguments {'write_json': True, 'use_colors': True, 'printer_width': 80, 'version_check': True, 'partial_parse': True, 'static_parser': True, 'profiles_dir': 'C:\\Users\\Nuttanich\\.dbt', 'send_anonymous_usage_stats': True, 'event_buffer_size': 100000, 'quiet': False, 'no_print': False, 'project_name': 'dbt_airflow', 'skip_profile_setup': False, 'which': 'init', 'indirect_selection': 'eager'}
[0m05:53:46.733066 [debug] [MainThread]: Tracking: tracking
[0m05:53:46.750990 [debug] [MainThread]: Sending event: {'category': 'dbt', 'action': 'invocation', 'label': 'start', 'context': [<snowplow_tracker.self_describing_json.SelfDescribingJson object at 0x000002B4F7C6D1C0>, <snowplow_tracker.self_describing_json.SelfDescribingJson object at 0x000002B4F7C6D520>, <snowplow_tracker.self_describing_json.SelfDescribingJson object at 0x000002B4F7C6D2B0>]}
[0m05:53:46.753002 [debug] [MainThread]: Starter project path: C:\Users\Nuttanich\AppData\Local\Programs\Python\Python39\lib\site-packages\dbt\include\starter_project
[0m05:53:49.219194 [info ] [MainThread]: Profile dbt_airflow written to C:\Users\Nuttanich\.dbt\profiles.yml using target's sample configuration. Once updated, you'll be able to start developing with dbt.
[0m05:53:49.220097 [info ] [MainThread]: 
Your new dbt project "dbt_airflow" was created!

For more information on how to configure the profiles.yml file,
please consult the dbt documentation here:

  https://docs.getdbt.com/docs/configure-your-profile

One more thing:

Need help? Don't hesitate to reach out to us via GitHub issues or on Slack:

  https://community.getdbt.com/

Happy modeling!

[0m05:53:49.223099 [debug] [MainThread]: Sending event: {'category': 'dbt', 'action': 'invocation', 'label': 'end', 'context': [<snowplow_tracker.self_describing_json.SelfDescribingJson object at 0x000002B4F7C6D400>, <snowplow_tracker.self_describing_json.SelfDescribingJson object at 0x000002B4F7C6D3D0>, <snowplow_tracker.self_describing_json.SelfDescribingJson object at 0x000002B4F7C6D460>]}
[0m05:53:49.223099 [debug] [MainThread]: Flushing usage events
